<?xml version="1.0" encoding="UTF-8"?>
<!-- Generated by org.testng.reporters.JUnitXMLReporter -->
<testsuite hostname="zhangxiaofengdeMacBook-Pro.local" ignored="0" name="loginsilulation" tests="7" failures="0" timestamp="21 Jan 2019 11:49:00 GMT" time="11.169" errors="0">
  <testcase name="loginTrue" time="1.276" classname="com.course.cases.loginTest"/>
  <testcase name="loginFalse" time="0.091" classname="com.course.cases.loginTest"/>
  <testcase name="addUserTest" time="3.171" classname="com.course.cases.addUserTest"/>
  <testcase name="getUserListTest" time="0.148" classname="com.course.cases.getUserListTest"/>
  <testcase name="getUserInfoTest" time="0.094" classname="com.course.cases.getUserInfoTest"/>
  <testcase name="updateUserInfoTest" time="3.169" classname="com.course.cases.updateUserInfoTest"/>
  <testcase name="deleteUserInfoTest" time="3.103" classname="com.course.cases.updateUserInfoTest"/>
</testsuite> <!-- loginsilulation -->
