<?xml version="1.0" encoding="UTF-8" ?>
<testsuite tests="7" failures="0" name="TestSuite" time="12.577" errors="0" skipped="0">
  <properties>
[...]
</properties>
  <testcase classname="com.course.cases.loginTest" name="loginTrue" time="1.278"/>
  <testcase classname="com.course.cases.loginTest" name="loginFalse" time="0.091"/>
  <testcase classname="com.course.cases.addUserTest" name="addUserTest" time="3.168"/>
  <testcase classname="com.course.cases.getUserListTest" name="getUserListTest" time="0.148"/>
  <testcase classname="com.course.cases.getUserInfoTest" name="getUserInfoTest" time="0.094"/>
  <testcase classname="com.course.cases.updateUserInfoTest" name="updateUserInfoTest" time="3.169"/>
  <testcase classname="com.course.cases.updateUserInfoTest" name="deleteUserInfoTest" time="3.103"/>
</testsuite>